[
  {
    "rdbms": "postgres",
    "test_plan": {
      "Plan": {
        "Node Type": "Index Scan",
        "Parallel Aware": false,
        "Scan Direction": "Forward",
        "Index Name": "sbtest1_pkey",
        "Relation Name": "sbtest1",
        "Alias": "sbtest1",
        "Startup Cost": 0.29,
        "Total Cost": 8.30,
        "Plan Rows": 1,
        "Plan Width": 121,
        "Index Cond": "(id = 5025)"
      }
    },
    "obfuscated_plan": {
      "Plan": {
        "Node Type": "Index Scan",
        "Parallel Aware": false,
        "Scan Direction": "Forward",
        "Index Name": "sbtest1_pkey",
        "Relation Name": "sbtest1",
        "Alias": "sbtest1",
        "Startup Cost": 0.29,
        "Total Cost": 8.30,
        "Plan Rows": 1,
        "Plan Width": 121,
        "Index Cond": "( id = ? )"
      }
    },
    "normalized_plan": {
      "TODO": true
    }
  },
  {
    "rdbms": "postgres",
    "test_plan": {
      "Plan": {
        "Node Type": "Bitmap Heap Scan",
        "Parallel Aware": false,
        "Relation Name": "sbtest1",
        "Alias": "sbtest1",
        "Startup Cost": 5.32,
        "Total Cost": 221.46,
        "Plan Rows": 101,
        "Plan Width": 121,
        "Recheck Cond": "((id >= 5020) AND (id <= 5119))",
        "Plans": [
          {
            "Node Type": "Bitmap Index Scan",
            "Parent Relationship": "Outer",
            "Parallel Aware": false,
            "Index Name": "sbtest1_pkey",
            "Startup Cost": 0.00,
            "Total Cost": 5.29,
            "Plan Rows": 101,
            "Plan Width": 0,
            "Index Cond": "((id >= 5020) AND (id <= 5119))"
          }
        ]
      }
    },
    "obfuscated_plan": {
      "Plan": {
        "Node Type": "Bitmap Heap Scan",
        "Parallel Aware": false,
        "Relation Name": "sbtest1",
        "Alias": "sbtest1",
        "Startup Cost": 5.32,
        "Total Cost": 221.46,
        "Plan Rows": 101,
        "Plan Width": 121,
        "Recheck Cond": "( ( id >= ? ) AND ( id <= ? ) )",
        "Plans": [
          {
            "Node Type": "Bitmap Index Scan",
            "Parent Relationship": "Outer",
            "Parallel Aware": false,
            "Index Name": "sbtest1_pkey",
            "Startup Cost": 0.00,
            "Total Cost": 5.29,
            "Plan Rows": 101,
            "Plan Width": 0,
            "Index Cond": "( ( id >= ? ) AND ( id <= ? ) )"
          }
        ]
      }
    },
    "normalized_plan": {
      "TODO": true
    }
  },
  {
    "rdbms": "postgres",
    "test_plan": {
      "Plan": {
        "Node Type": "Unique",
        "Parallel Aware": false,
        "Startup Cost": 223.09,
        "Total Cost": 223.59,
        "Plan Rows": 100,
        "Plan Width": 121,
        "Plans": [
          {
            "Node Type": "Sort",
            "Parent Relationship": "Outer",
            "Parallel Aware": false,
            "Startup Cost": 223.09,
            "Total Cost": 223.34,
            "Plan Rows": 100,
            "Plan Width": 121,
            "Sort Key": [
              "c"
            ],
            "Plans": [
              {
                "Node Type": "Bitmap Heap Scan",
                "Parent Relationship": "Outer",
                "Parallel Aware": false,
                "Relation Name": "sbtest1",
                "Alias": "sbtest1",
                "Startup Cost": 5.31,
                "Total Cost": 219.77,
                "Plan Rows": 100,
                "Plan Width": 121,
                "Recheck Cond": "((id >= 4999) AND (id <= 5098))",
                "Plans": [
                  {
                    "Node Type": "Bitmap Index Scan",
                    "Parent Relationship": "Outer",
                    "Parallel Aware": false,
                    "Index Name": "sbtest1_pkey",
                    "Startup Cost": 0.00,
                    "Total Cost": 5.29,
                    "Plan Rows": 100,
                    "Plan Width": 0,
                    "Index Cond": "((id >= 4999) AND (id <= 5098))"
                  }
                ]
              }
            ]
          }
        ]
      }
    },
    "obfuscated_plan": {
      "Plan": {
        "Node Type": "Unique",
        "Parallel Aware": false,
        "Startup Cost": 223.09,
        "Total Cost": 223.59,
        "Plan Rows": 100,
        "Plan Width": 121,
        "Plans": [
          {
            "Node Type": "Sort",
            "Parent Relationship": "Outer",
            "Parallel Aware": false,
            "Startup Cost": 223.09,
            "Total Cost": 223.34,
            "Plan Rows": 100,
            "Plan Width": 121,
            "Sort Key": [
              "c"
            ],
            "Plans": [
              {
                "Node Type": "Bitmap Heap Scan",
                "Parent Relationship": "Outer",
                "Parallel Aware": false,
                "Relation Name": "sbtest1",
                "Alias": "sbtest1",
                "Startup Cost": 5.31,
                "Total Cost": 219.77,
                "Plan Rows": 100,
                "Plan Width": 121,
                "Recheck Cond": "( ( id >= ? ) AND ( id <= ? ) )",
                "Plans": [
                  {
                    "Node Type": "Bitmap Index Scan",
                    "Parent Relationship": "Outer",
                    "Parallel Aware": false,
                    "Index Name": "sbtest1_pkey",
                    "Startup Cost": 0.00,
                    "Total Cost": 5.29,
                    "Plan Rows": 100,
                    "Plan Width": 0,
                    "Index Cond": "( ( id >= ? ) AND ( id <= ? ) )"
                  }
                ]
              }
            ]
          }
        ]
      }
    },
    "normalized_plan": {
      "TODO": true
    }
  },
  {
    "rdbms": "postgres",
    "test_plan": {
      "Plan": {
        "Node Type": "Limit",
        "Parallel Aware": false,
        "Startup Cost": 0.00,
        "Total Cost": 0.21,
        "Plan Rows": 5,
        "Plan Width": 190,
        "Plans": [
          {
            "Node Type": "Seq Scan",
            "Parent Relationship": "Outer",
            "Parallel Aware": false,
            "Relation Name": "sbtest1",
            "Alias": "sbtest1",
            "Startup Cost": 0.00,
            "Total Cost": 424.99,
            "Plan Rows": 9999,
            "Plan Width": 190
          }
        ]
      }
    },
    "obfuscated_plan": {
      "Plan": {
        "Node Type": "Limit",
        "Parallel Aware": false,
        "Startup Cost": 0.00,
        "Total Cost": 0.21,
        "Plan Rows": 5,
        "Plan Width": 190,
        "Plans": [
          {
            "Node Type": "Seq Scan",
            "Parent Relationship": "Outer",
            "Parallel Aware": false,
            "Relation Name": "sbtest1",
            "Alias": "sbtest1",
            "Startup Cost": 0.00,
            "Total Cost": 424.99,
            "Plan Rows": 9999,
            "Plan Width": 190
          }
        ]
      }
    },
    "normalized_plan": {
      "TODO": true
    }
  }
]
